<?xml version="1.0" encoding="UTF-8"?>
<testng-results ignored="0" total="2" passed="2" failed="0" skipped="0">
  <reporter-output>
  </reporter-output>
  <suite started-at="2022-02-25T05:15:48 IST" name="Suite" finished-at="2022-02-25T05:16:15 IST" duration-ms="27054">
    <groups>
    </groups>
    <test started-at="2022-02-25T05:15:48 IST" name="Test" finished-at="2022-02-25T05:16:15 IST" duration-ms="27054">
      <class name="testClass.test">
        <test-method is-config="true" signature="setup()[pri:0, instance:testClass.test@1b11171f]" started-at="2022-02-25T05:15:48 IST" name="setup" finished-at="2022-02-25T05:16:03 IST" duration-ms="14483" status="PASS">
          <reporter-output>
          </reporter-output>
        </test-method> <!-- setup -->
        <test-method signature="testLoginHomePage()[pri:0, instance:testClass.test@1b11171f]" started-at="2022-02-25T05:16:03 IST" name="testLoginHomePage" finished-at="2022-02-25T05:16:12 IST" duration-ms="9022" status="PASS">
          <reporter-output>
          </reporter-output>
        </test-method> <!-- testLoginHomePage -->
        <test-method signature="logoutApp()[pri:1, instance:testClass.test@1b11171f]" started-at="2022-02-25T05:16:12 IST" name="logoutApp" finished-at="2022-02-25T05:16:15 IST" duration-ms="3379" status="PASS">
          <reporter-output>
          </reporter-output>
        </test-method> <!-- logoutApp -->
        <test-method is-config="true" signature="closeBrowser()[pri:0, instance:testClass.test@1b11171f]" started-at="2022-02-25T05:16:15 IST" name="closeBrowser" finished-at="2022-02-25T05:16:15 IST" duration-ms="139" status="PASS">
          <reporter-output>
          </reporter-output>
        </test-method> <!-- closeBrowser -->
      </class> <!-- testClass.test -->
    </test> <!-- Test -->
  </suite> <!-- Suite -->
</testng-results>
